DEB [20200718-00:01:45.042] thr=1   paramiko.transport: starting thread (client mode): 0x2bc8978L
DEB [20200718-00:01:45.045] thr=1   paramiko.transport: Local version/idstring: SSH-2.0-paramiko_2.7.1
DEB [20200718-00:01:45.055] thr=1   paramiko.transport: Remote version/idstring: SSH-2.0-OpenSSH_4.7p1 Debian-8ubuntu1
INF [20200718-00:01:45.055] thr=1   paramiko.transport: Connected (version 2.0, client OpenSSH_4.7p1)
DEB [20200718-00:01:45.062] thr=1   paramiko.transport: kex algos:[u'diffie-hellman-group-exchange-sha256', u'diffie-hellman-group-exchange-sha1', u'diffie-hellman-group14-sha1', u'diffie-hellman-group1-sha1'] server key:[u'ssh-rsa', u'ssh-dss'] client encrypt:[u'aes128-cbc', u'3des-cbc', u'blowfish-cbc', u'cast128-cbc', u'arcfour128', u'arcfour256', u'arcfour', u'aes192-cbc', u'aes256-cbc', u'rijndael-cbc@lysator.liu.se', u'aes128-ctr', u'aes192-ctr', u'aes256-ctr'] server encrypt:[u'aes128-cbc', u'3des-cbc', u'blowfish-cbc', u'cast128-cbc', u'arcfour128', u'arcfour256', u'arcfour', u'aes192-cbc', u'aes256-cbc', u'rijndael-cbc@lysator.liu.se', u'aes128-ctr', u'aes192-ctr', u'aes256-ctr'] client mac:[u'hmac-md5', u'hmac-sha1', u'umac-64@openssh.com', u'hmac-ripemd160', u'hmac-ripemd160@openssh.com', u'hmac-sha1-96', u'hmac-md5-96'] server mac:[u'hmac-md5', u'hmac-sha1', u'umac-64@openssh.com', u'hmac-ripemd160', u'hmac-ripemd160@openssh.com', u'hmac-sha1-96', u'hmac-md5-96'] client compress:[u'none', u'zlib@openssh.com'] server compress:[u'none', u'zlib@openssh.com'] client lang:[u''] server lang:[u''] kex follows?False
DEB [20200718-00:01:45.065] thr=1   paramiko.transport: Kex agreed: diffie-hellman-group-exchange-sha256
DEB [20200718-00:01:45.065] thr=1   paramiko.transport: HostKey agreed: ssh-rsa
DEB [20200718-00:01:45.065] thr=1   paramiko.transport: Cipher agreed: aes128-ctr
DEB [20200718-00:01:45.066] thr=1   paramiko.transport: MAC agreed: hmac-sha1
DEB [20200718-00:01:45.066] thr=1   paramiko.transport: Compression agreed: none
DEB [20200718-00:01:45.075] thr=1   paramiko.transport: Got server p (2048 bits)
DEB [20200718-00:01:45.210] thr=1   paramiko.transport: kex engine KexGexSHA256 specified hash_algo <built-in function openssl_sha256>
DEB [20200718-00:01:45.211] thr=1   paramiko.transport: Switch to new keys ...
DEB [20200718-00:01:45.217] thr=2   paramiko.transport: Adding ssh-rsa host key for 192.168.1.86: 5656240f211ddea72bae61b1243de8f3
DEB [20200718-00:01:45.381] thr=1   paramiko.transport: userauth is OK
INF [20200718-00:01:47.118] thr=1   paramiko.transport: Authentication (password) failed.
DEB [20200718-00:01:50.125] thr=3   paramiko.transport: starting thread (client mode): 0x2bc89b0L
DEB [20200718-00:01:50.125] thr=3   paramiko.transport: Local version/idstring: SSH-2.0-paramiko_2.7.1
DEB [20200718-00:01:50.137] thr=3   paramiko.transport: Remote version/idstring: SSH-2.0-OpenSSH_4.7p1 Debian-8ubuntu1
INF [20200718-00:01:50.138] thr=3   paramiko.transport: Connected (version 2.0, client OpenSSH_4.7p1)
DEB [20200718-00:01:50.144] thr=3   paramiko.transport: kex algos:[u'diffie-hellman-group-exchange-sha256', u'diffie-hellman-group-exchange-sha1', u'diffie-hellman-group14-sha1', u'diffie-hellman-group1-sha1'] server key:[u'ssh-rsa', u'ssh-dss'] client encrypt:[u'aes128-cbc', u'3des-cbc', u'blowfish-cbc', u'cast128-cbc', u'arcfour128', u'arcfour256', u'arcfour', u'aes192-cbc', u'aes256-cbc', u'rijndael-cbc@lysator.liu.se', u'aes128-ctr', u'aes192-ctr', u'aes256-ctr'] server encrypt:[u'aes128-cbc', u'3des-cbc', u'blowfish-cbc', u'cast128-cbc', u'arcfour128', u'arcfour256', u'arcfour', u'aes192-cbc', u'aes256-cbc', u'rijndael-cbc@lysator.liu.se', u'aes128-ctr', u'aes192-ctr', u'aes256-ctr'] client mac:[u'hmac-md5', u'hmac-sha1', u'umac-64@openssh.com', u'hmac-ripemd160', u'hmac-ripemd160@openssh.com', u'hmac-sha1-96', u'hmac-md5-96'] server mac:[u'hmac-md5', u'hmac-sha1', u'umac-64@openssh.com', u'hmac-ripemd160', u'hmac-ripemd160@openssh.com', u'hmac-sha1-96', u'hmac-md5-96'] client compress:[u'none', u'zlib@openssh.com'] server compress:[u'none', u'zlib@openssh.com'] client lang:[u''] server lang:[u''] kex follows?False
DEB [20200718-00:01:50.144] thr=3   paramiko.transport: Kex agreed: diffie-hellman-group-exchange-sha256
DEB [20200718-00:01:50.144] thr=3   paramiko.transport: HostKey agreed: ssh-rsa
DEB [20200718-00:01:50.145] thr=3   paramiko.transport: Cipher agreed: aes128-ctr
DEB [20200718-00:01:50.145] thr=3   paramiko.transport: MAC agreed: hmac-sha1
DEB [20200718-00:01:50.145] thr=3   paramiko.transport: Compression agreed: none
DEB [20200718-00:01:50.153] thr=3   paramiko.transport: Got server p (2048 bits)
DEB [20200718-00:01:50.283] thr=3   paramiko.transport: kex engine KexGexSHA256 specified hash_algo <built-in function openssl_sha256>
DEB [20200718-00:01:50.285] thr=3   paramiko.transport: Switch to new keys ...
DEB [20200718-00:01:50.290] thr=2   paramiko.transport: Adding ssh-rsa host key for 192.168.1.86: 5656240f211ddea72bae61b1243de8f3
DEB [20200718-00:01:50.322] thr=3   paramiko.transport: userauth is OK
INF [20200718-00:01:52.084] thr=3   paramiko.transport: Authentication (password) failed.
DEB [20200718-00:01:55.099] thr=4   paramiko.transport: starting thread (client mode): 0x3826a20L
DEB [20200718-00:01:55.099] thr=4   paramiko.transport: Local version/idstring: SSH-2.0-paramiko_2.7.1
DEB [20200718-00:01:55.124] thr=4   paramiko.transport: Remote version/idstring: SSH-2.0-OpenSSH_4.7p1 Debian-8ubuntu1
INF [20200718-00:01:55.124] thr=4   paramiko.transport: Connected (version 2.0, client OpenSSH_4.7p1)
DEB [20200718-00:01:55.128] thr=4   paramiko.transport: kex algos:[u'diffie-hellman-group-exchange-sha256', u'diffie-hellman-group-exchange-sha1', u'diffie-hellman-group14-sha1', u'diffie-hellman-group1-sha1'] server key:[u'ssh-rsa', u'ssh-dss'] client encrypt:[u'aes128-cbc', u'3des-cbc', u'blowfish-cbc', u'cast128-cbc', u'arcfour128', u'arcfour256', u'arcfour', u'aes192-cbc', u'aes256-cbc', u'rijndael-cbc@lysator.liu.se', u'aes128-ctr', u'aes192-ctr', u'aes256-ctr'] server encrypt:[u'aes128-cbc', u'3des-cbc', u'blowfish-cbc', u'cast128-cbc', u'arcfour128', u'arcfour256', u'arcfour', u'aes192-cbc', u'aes256-cbc', u'rijndael-cbc@lysator.liu.se', u'aes128-ctr', u'aes192-ctr', u'aes256-ctr'] client mac:[u'hmac-md5', u'hmac-sha1', u'umac-64@openssh.com', u'hmac-ripemd160', u'hmac-ripemd160@openssh.com', u'hmac-sha1-96', u'hmac-md5-96'] server mac:[u'hmac-md5', u'hmac-sha1', u'umac-64@openssh.com', u'hmac-ripemd160', u'hmac-ripemd160@openssh.com', u'hmac-sha1-96', u'hmac-md5-96'] client compress:[u'none', u'zlib@openssh.com'] server compress:[u'none', u'zlib@openssh.com'] client lang:[u''] server lang:[u''] kex follows?False
DEB [20200718-00:01:55.128] thr=4   paramiko.transport: Kex agreed: diffie-hellman-group-exchange-sha256
DEB [20200718-00:01:55.128] thr=4   paramiko.transport: HostKey agreed: ssh-rsa
DEB [20200718-00:01:55.130] thr=4   paramiko.transport: Cipher agreed: aes128-ctr
DEB [20200718-00:01:55.131] thr=4   paramiko.transport: MAC agreed: hmac-sha1
DEB [20200718-00:01:55.131] thr=4   paramiko.transport: Compression agreed: none
DEB [20200718-00:01:55.138] thr=4   paramiko.transport: Got server p (2048 bits)
DEB [20200718-00:01:55.282] thr=4   paramiko.transport: kex engine KexGexSHA256 specified hash_algo <built-in function openssl_sha256>
DEB [20200718-00:01:55.283] thr=4   paramiko.transport: Switch to new keys ...
DEB [20200718-00:01:55.299] thr=2   paramiko.transport: Adding ssh-rsa host key for 192.168.1.86: 5656240f211ddea72bae61b1243de8f3
DEB [20200718-00:01:55.315] thr=4   paramiko.transport: userauth is OK
INF [20200718-00:01:58.094] thr=4   paramiko.transport: Authentication (password) failed.
DEB [20200718-00:02:01.111] thr=5   paramiko.transport: starting thread (client mode): 0x3826630L
DEB [20200718-00:02:01.114] thr=5   paramiko.transport: Local version/idstring: SSH-2.0-paramiko_2.7.1
DEB [20200718-00:02:01.121] thr=5   paramiko.transport: Remote version/idstring: SSH-2.0-OpenSSH_4.7p1 Debian-8ubuntu1
INF [20200718-00:02:01.121] thr=5   paramiko.transport: Connected (version 2.0, client OpenSSH_4.7p1)
DEB [20200718-00:02:01.125] thr=5   paramiko.transport: kex algos:[u'diffie-hellman-group-exchange-sha256', u'diffie-hellman-group-exchange-sha1', u'diffie-hellman-group14-sha1', u'diffie-hellman-group1-sha1'] server key:[u'ssh-rsa', u'ssh-dss'] client encrypt:[u'aes128-cbc', u'3des-cbc', u'blowfish-cbc', u'cast128-cbc', u'arcfour128', u'arcfour256', u'arcfour', u'aes192-cbc', u'aes256-cbc', u'rijndael-cbc@lysator.liu.se', u'aes128-ctr', u'aes192-ctr', u'aes256-ctr'] server encrypt:[u'aes128-cbc', u'3des-cbc', u'blowfish-cbc', u'cast128-cbc', u'arcfour128', u'arcfour256', u'arcfour', u'aes192-cbc', u'aes256-cbc', u'rijndael-cbc@lysator.liu.se', u'aes128-ctr', u'aes192-ctr', u'aes256-ctr'] client mac:[u'hmac-md5', u'hmac-sha1', u'umac-64@openssh.com', u'hmac-ripemd160', u'hmac-ripemd160@openssh.com', u'hmac-sha1-96', u'hmac-md5-96'] server mac:[u'hmac-md5', u'hmac-sha1', u'umac-64@openssh.com', u'hmac-ripemd160', u'hmac-ripemd160@openssh.com', u'hmac-sha1-96', u'hmac-md5-96'] client compress:[u'none', u'zlib@openssh.com'] server compress:[u'none', u'zlib@openssh.com'] client lang:[u''] server lang:[u''] kex follows?False
DEB [20200718-00:02:01.125] thr=5   paramiko.transport: Kex agreed: diffie-hellman-group-exchange-sha256
DEB [20200718-00:02:01.125] thr=5   paramiko.transport: HostKey agreed: ssh-rsa
DEB [20200718-00:02:01.125] thr=5   paramiko.transport: Cipher agreed: aes128-ctr
DEB [20200718-00:02:01.125] thr=5   paramiko.transport: MAC agreed: hmac-sha1
DEB [20200718-00:02:01.125] thr=5   paramiko.transport: Compression agreed: none
DEB [20200718-00:02:01.130] thr=5   paramiko.transport: Got server p (2048 bits)
DEB [20200718-00:02:01.266] thr=5   paramiko.transport: kex engine KexGexSHA256 specified hash_algo <built-in function openssl_sha256>
DEB [20200718-00:02:01.267] thr=5   paramiko.transport: Switch to new keys ...
DEB [20200718-00:02:01.273] thr=2   paramiko.transport: Adding ssh-rsa host key for 192.168.1.86: 5656240f211ddea72bae61b1243de8f3
DEB [20200718-00:02:01.299] thr=5   paramiko.transport: userauth is OK
INF [20200718-00:02:03.230] thr=5   paramiko.transport: Authentication (password) failed.
DEB [20200718-00:02:06.279] thr=6   paramiko.transport: starting thread (client mode): 0x2bc8908L
DEB [20200718-00:02:06.283] thr=6   paramiko.transport: Local version/idstring: SSH-2.0-paramiko_2.7.1
DEB [20200718-00:02:06.285] thr=6   paramiko.transport: Remote version/idstring: SSH-2.0-OpenSSH_4.7p1 Debian-8ubuntu1
INF [20200718-00:02:06.285] thr=6   paramiko.transport: Connected (version 2.0, client OpenSSH_4.7p1)
DEB [20200718-00:02:06.289] thr=6   paramiko.transport: kex algos:[u'diffie-hellman-group-exchange-sha256', u'diffie-hellman-group-exchange-sha1', u'diffie-hellman-group14-sha1', u'diffie-hellman-group1-sha1'] server key:[u'ssh-rsa', u'ssh-dss'] client encrypt:[u'aes128-cbc', u'3des-cbc', u'blowfish-cbc', u'cast128-cbc', u'arcfour128', u'arcfour256', u'arcfour', u'aes192-cbc', u'aes256-cbc', u'rijndael-cbc@lysator.liu.se', u'aes128-ctr', u'aes192-ctr', u'aes256-ctr'] server encrypt:[u'aes128-cbc', u'3des-cbc', u'blowfish-cbc', u'cast128-cbc', u'arcfour128', u'arcfour256', u'arcfour', u'aes192-cbc', u'aes256-cbc', u'rijndael-cbc@lysator.liu.se', u'aes128-ctr', u'aes192-ctr', u'aes256-ctr'] client mac:[u'hmac-md5', u'hmac-sha1', u'umac-64@openssh.com', u'hmac-ripemd160', u'hmac-ripemd160@openssh.com', u'hmac-sha1-96', u'hmac-md5-96'] server mac:[u'hmac-md5', u'hmac-sha1', u'umac-64@openssh.com', u'hmac-ripemd160', u'hmac-ripemd160@openssh.com', u'hmac-sha1-96', u'hmac-md5-96'] client compress:[u'none', u'zlib@openssh.com'] server compress:[u'none', u'zlib@openssh.com'] client lang:[u''] server lang:[u''] kex follows?False
DEB [20200718-00:02:06.290] thr=6   paramiko.transport: Kex agreed: diffie-hellman-group-exchange-sha256
DEB [20200718-00:02:06.290] thr=6   paramiko.transport: HostKey agreed: ssh-rsa
DEB [20200718-00:02:06.290] thr=6   paramiko.transport: Cipher agreed: aes128-ctr
DEB [20200718-00:02:06.292] thr=6   paramiko.transport: MAC agreed: hmac-sha1
DEB [20200718-00:02:06.292] thr=6   paramiko.transport: Compression agreed: none
DEB [20200718-00:02:06.328] thr=6   paramiko.transport: Got server p (2048 bits)
DEB [20200718-00:02:06.469] thr=6   paramiko.transport: kex engine KexGexSHA256 specified hash_algo <built-in function openssl_sha256>
DEB [20200718-00:02:06.470] thr=6   paramiko.transport: Switch to new keys ...
DEB [20200718-00:02:06.482] thr=2   paramiko.transport: Adding ssh-rsa host key for 192.168.1.86: 5656240f211ddea72bae61b1243de8f3
DEB [20200718-00:02:06.503] thr=6   paramiko.transport: userauth is OK
INF [20200718-00:02:09.121] thr=6   paramiko.transport: Authentication (password) failed.
DEB [20200718-00:02:12.142] thr=7   paramiko.transport: starting thread (client mode): 0x2bc8940L
DEB [20200718-00:02:12.151] thr=7   paramiko.transport: Local version/idstring: SSH-2.0-paramiko_2.7.1
DEB [20200718-00:02:12.151] thr=7   paramiko.transport: Remote version/idstring: SSH-2.0-OpenSSH_4.7p1 Debian-8ubuntu1
INF [20200718-00:02:12.154] thr=7   paramiko.transport: Connected (version 2.0, client OpenSSH_4.7p1)
DEB [20200718-00:02:12.160] thr=7   paramiko.transport: kex algos:[u'diffie-hellman-group-exchange-sha256', u'diffie-hellman-group-exchange-sha1', u'diffie-hellman-group14-sha1', u'diffie-hellman-group1-sha1'] server key:[u'ssh-rsa', u'ssh-dss'] client encrypt:[u'aes128-cbc', u'3des-cbc', u'blowfish-cbc', u'cast128-cbc', u'arcfour128', u'arcfour256', u'arcfour', u'aes192-cbc', u'aes256-cbc', u'rijndael-cbc@lysator.liu.se', u'aes128-ctr', u'aes192-ctr', u'aes256-ctr'] server encrypt:[u'aes128-cbc', u'3des-cbc', u'blowfish-cbc', u'cast128-cbc', u'arcfour128', u'arcfour256', u'arcfour', u'aes192-cbc', u'aes256-cbc', u'rijndael-cbc@lysator.liu.se', u'aes128-ctr', u'aes192-ctr', u'aes256-ctr'] client mac:[u'hmac-md5', u'hmac-sha1', u'umac-64@openssh.com', u'hmac-ripemd160', u'hmac-ripemd160@openssh.com', u'hmac-sha1-96', u'hmac-md5-96'] server mac:[u'hmac-md5', u'hmac-sha1', u'umac-64@openssh.com', u'hmac-ripemd160', u'hmac-ripemd160@openssh.com', u'hmac-sha1-96', u'hmac-md5-96'] client compress:[u'none', u'zlib@openssh.com'] server compress:[u'none', u'zlib@openssh.com'] client lang:[u''] server lang:[u''] kex follows?False
DEB [20200718-00:02:12.161] thr=7   paramiko.transport: Kex agreed: diffie-hellman-group-exchange-sha256
DEB [20200718-00:02:12.161] thr=7   paramiko.transport: HostKey agreed: ssh-rsa
DEB [20200718-00:02:12.161] thr=7   paramiko.transport: Cipher agreed: aes128-ctr
DEB [20200718-00:02:12.163] thr=7   paramiko.transport: MAC agreed: hmac-sha1
DEB [20200718-00:02:12.163] thr=7   paramiko.transport: Compression agreed: none
DEB [20200718-00:02:12.200] thr=7   paramiko.transport: Got server p (2048 bits)
DEB [20200718-00:02:12.334] thr=7   paramiko.transport: kex engine KexGexSHA256 specified hash_algo <built-in function openssl_sha256>
DEB [20200718-00:02:12.335] thr=7   paramiko.transport: Switch to new keys ...
DEB [20200718-00:02:12.338] thr=2   paramiko.transport: Adding ssh-rsa host key for 192.168.1.86: 5656240f211ddea72bae61b1243de8f3
DEB [20200718-00:02:12.367] thr=7   paramiko.transport: userauth is OK
INF [20200718-00:02:14.157] thr=7   paramiko.transport: Authentication (password) failed.
DEB [20200718-00:02:17.190] thr=8   paramiko.transport: starting thread (client mode): 0x3851b00L
DEB [20200718-00:02:17.194] thr=8   paramiko.transport: Local version/idstring: SSH-2.0-paramiko_2.7.1
DEB [20200718-00:02:17.197] thr=8   paramiko.transport: Remote version/idstring: SSH-2.0-OpenSSH_4.7p1 Debian-8ubuntu1
INF [20200718-00:02:17.197] thr=8   paramiko.transport: Connected (version 2.0, client OpenSSH_4.7p1)
DEB [20200718-00:02:17.201] thr=8   paramiko.transport: kex algos:[u'diffie-hellman-group-exchange-sha256', u'diffie-hellman-group-exchange-sha1', u'diffie-hellman-group14-sha1', u'diffie-hellman-group1-sha1'] server key:[u'ssh-rsa', u'ssh-dss'] client encrypt:[u'aes128-cbc', u'3des-cbc', u'blowfish-cbc', u'cast128-cbc', u'arcfour128', u'arcfour256', u'arcfour', u'aes192-cbc', u'aes256-cbc', u'rijndael-cbc@lysator.liu.se', u'aes128-ctr', u'aes192-ctr', u'aes256-ctr'] server encrypt:[u'aes128-cbc', u'3des-cbc', u'blowfish-cbc', u'cast128-cbc', u'arcfour128', u'arcfour256', u'arcfour', u'aes192-cbc', u'aes256-cbc', u'rijndael-cbc@lysator.liu.se', u'aes128-ctr', u'aes192-ctr', u'aes256-ctr'] client mac:[u'hmac-md5', u'hmac-sha1', u'umac-64@openssh.com', u'hmac-ripemd160', u'hmac-ripemd160@openssh.com', u'hmac-sha1-96', u'hmac-md5-96'] server mac:[u'hmac-md5', u'hmac-sha1', u'umac-64@openssh.com', u'hmac-ripemd160', u'hmac-ripemd160@openssh.com', u'hmac-sha1-96', u'hmac-md5-96'] client compress:[u'none', u'zlib@openssh.com'] server compress:[u'none', u'zlib@openssh.com'] client lang:[u''] server lang:[u''] kex follows?False
DEB [20200718-00:02:17.203] thr=8   paramiko.transport: Kex agreed: diffie-hellman-group-exchange-sha256
DEB [20200718-00:02:17.203] thr=8   paramiko.transport: HostKey agreed: ssh-rsa
DEB [20200718-00:02:17.203] thr=8   paramiko.transport: Cipher agreed: aes128-ctr
DEB [20200718-00:02:17.203] thr=8   paramiko.transport: MAC agreed: hmac-sha1
DEB [20200718-00:02:17.204] thr=8   paramiko.transport: Compression agreed: none
DEB [20200718-00:02:17.243] thr=8   paramiko.transport: Got server p (2048 bits)
DEB [20200718-00:02:17.377] thr=8   paramiko.transport: kex engine KexGexSHA256 specified hash_algo <built-in function openssl_sha256>
DEB [20200718-00:02:17.378] thr=8   paramiko.transport: Switch to new keys ...
DEB [20200718-00:02:17.390] thr=2   paramiko.transport: Adding ssh-rsa host key for 192.168.1.86: 5656240f211ddea72bae61b1243de8f3
DEB [20200718-00:02:17.411] thr=8   paramiko.transport: userauth is OK
INF [20200718-00:02:19.539] thr=8   paramiko.transport: Authentication (password) failed.
DEB [20200718-00:02:22.569] thr=9   paramiko.transport: starting thread (client mode): 0x3865c88L
DEB [20200718-00:02:22.569] thr=9   paramiko.transport: Local version/idstring: SSH-2.0-paramiko_2.7.1
DEB [20200718-00:02:22.588] thr=9   paramiko.transport: Remote version/idstring: SSH-2.0-OpenSSH_4.7p1 Debian-8ubuntu1
INF [20200718-00:02:22.588] thr=9   paramiko.transport: Connected (version 2.0, client OpenSSH_4.7p1)
DEB [20200718-00:02:22.594] thr=9   paramiko.transport: kex algos:[u'diffie-hellman-group-exchange-sha256', u'diffie-hellman-group-exchange-sha1', u'diffie-hellman-group14-sha1', u'diffie-hellman-group1-sha1'] server key:[u'ssh-rsa', u'ssh-dss'] client encrypt:[u'aes128-cbc', u'3des-cbc', u'blowfish-cbc', u'cast128-cbc', u'arcfour128', u'arcfour256', u'arcfour', u'aes192-cbc', u'aes256-cbc', u'rijndael-cbc@lysator.liu.se', u'aes128-ctr', u'aes192-ctr', u'aes256-ctr'] server encrypt:[u'aes128-cbc', u'3des-cbc', u'blowfish-cbc', u'cast128-cbc', u'arcfour128', u'arcfour256', u'arcfour', u'aes192-cbc', u'aes256-cbc', u'rijndael-cbc@lysator.liu.se', u'aes128-ctr', u'aes192-ctr', u'aes256-ctr'] client mac:[u'hmac-md5', u'hmac-sha1', u'umac-64@openssh.com', u'hmac-ripemd160', u'hmac-ripemd160@openssh.com', u'hmac-sha1-96', u'hmac-md5-96'] server mac:[u'hmac-md5', u'hmac-sha1', u'umac-64@openssh.com', u'hmac-ripemd160', u'hmac-ripemd160@openssh.com', u'hmac-sha1-96', u'hmac-md5-96'] client compress:[u'none', u'zlib@openssh.com'] server compress:[u'none', u'zlib@openssh.com'] client lang:[u''] server lang:[u''] kex follows?False
DEB [20200718-00:02:22.594] thr=9   paramiko.transport: Kex agreed: diffie-hellman-group-exchange-sha256
DEB [20200718-00:02:22.595] thr=9   paramiko.transport: HostKey agreed: ssh-rsa
DEB [20200718-00:02:22.595] thr=9   paramiko.transport: Cipher agreed: aes128-ctr
DEB [20200718-00:02:22.595] thr=9   paramiko.transport: MAC agreed: hmac-sha1
DEB [20200718-00:02:22.595] thr=9   paramiko.transport: Compression agreed: none
DEB [20200718-00:02:22.601] thr=9   paramiko.transport: Got server p (2048 bits)
DEB [20200718-00:02:22.779] thr=9   paramiko.transport: kex engine KexGexSHA256 specified hash_algo <built-in function openssl_sha256>
DEB [20200718-00:02:22.779] thr=9   paramiko.transport: Switch to new keys ...
DEB [20200718-00:02:22.789] thr=2   paramiko.transport: Adding ssh-rsa host key for 192.168.1.86: 5656240f211ddea72bae61b1243de8f3
DEB [20200718-00:02:22.815] thr=9   paramiko.transport: userauth is OK
INF [20200718-00:02:24.992] thr=9   paramiko.transport: Authentication (password) failed.
DEB [20200718-00:02:28.013] thr=10  paramiko.transport: starting thread (client mode): 0x385b7b8L
DEB [20200718-00:02:28.026] thr=10  paramiko.transport: Local version/idstring: SSH-2.0-paramiko_2.7.1
DEB [20200718-00:02:28.029] thr=10  paramiko.transport: Remote version/idstring: SSH-2.0-OpenSSH_4.7p1 Debian-8ubuntu1
INF [20200718-00:02:28.029] thr=10  paramiko.transport: Connected (version 2.0, client OpenSSH_4.7p1)
DEB [20200718-00:02:28.033] thr=10  paramiko.transport: kex algos:[u'diffie-hellman-group-exchange-sha256', u'diffie-hellman-group-exchange-sha1', u'diffie-hellman-group14-sha1', u'diffie-hellman-group1-sha1'] server key:[u'ssh-rsa', u'ssh-dss'] client encrypt:[u'aes128-cbc', u'3des-cbc', u'blowfish-cbc', u'cast128-cbc', u'arcfour128', u'arcfour256', u'arcfour', u'aes192-cbc', u'aes256-cbc', u'rijndael-cbc@lysator.liu.se', u'aes128-ctr', u'aes192-ctr', u'aes256-ctr'] server encrypt:[u'aes128-cbc', u'3des-cbc', u'blowfish-cbc', u'cast128-cbc', u'arcfour128', u'arcfour256', u'arcfour', u'aes192-cbc', u'aes256-cbc', u'rijndael-cbc@lysator.liu.se', u'aes128-ctr', u'aes192-ctr', u'aes256-ctr'] client mac:[u'hmac-md5', u'hmac-sha1', u'umac-64@openssh.com', u'hmac-ripemd160', u'hmac-ripemd160@openssh.com', u'hmac-sha1-96', u'hmac-md5-96'] server mac:[u'hmac-md5', u'hmac-sha1', u'umac-64@openssh.com', u'hmac-ripemd160', u'hmac-ripemd160@openssh.com', u'hmac-sha1-96', u'hmac-md5-96'] client compress:[u'none', u'zlib@openssh.com'] server compress:[u'none', u'zlib@openssh.com'] client lang:[u''] server lang:[u''] kex follows?False
DEB [20200718-00:02:28.035] thr=10  paramiko.transport: Kex agreed: diffie-hellman-group-exchange-sha256
DEB [20200718-00:02:28.035] thr=10  paramiko.transport: HostKey agreed: ssh-rsa
DEB [20200718-00:02:28.035] thr=10  paramiko.transport: Cipher agreed: aes128-ctr
DEB [20200718-00:02:28.035] thr=10  paramiko.transport: MAC agreed: hmac-sha1
DEB [20200718-00:02:28.035] thr=10  paramiko.transport: Compression agreed: none
DEB [20200718-00:02:28.069] thr=10  paramiko.transport: Got server p (2048 bits)
DEB [20200718-00:02:28.207] thr=10  paramiko.transport: kex engine KexGexSHA256 specified hash_algo <built-in function openssl_sha256>
DEB [20200718-00:02:28.210] thr=10  paramiko.transport: Switch to new keys ...
DEB [20200718-00:02:28.220] thr=2   paramiko.transport: Adding ssh-rsa host key for 192.168.1.86: 5656240f211ddea72bae61b1243de8f3
DEB [20200718-00:02:28.249] thr=10  paramiko.transport: userauth is OK
INF [20200718-00:02:28.267] thr=10  paramiko.transport: Authentication (password) successful!
DEB [20200718-00:02:31.296] thr=11  paramiko.transport: starting thread (client mode): 0x38765f8L
DEB [20200718-00:02:31.296] thr=11  paramiko.transport: Local version/idstring: SSH-2.0-paramiko_2.7.1
DEB [20200718-00:02:31.318] thr=11  paramiko.transport: Remote version/idstring: SSH-2.0-OpenSSH_4.7p1 Debian-8ubuntu1
INF [20200718-00:02:31.319] thr=11  paramiko.transport: Connected (version 2.0, client OpenSSH_4.7p1)
DEB [20200718-00:02:31.322] thr=11  paramiko.transport: kex algos:[u'diffie-hellman-group-exchange-sha256', u'diffie-hellman-group-exchange-sha1', u'diffie-hellman-group14-sha1', u'diffie-hellman-group1-sha1'] server key:[u'ssh-rsa', u'ssh-dss'] client encrypt:[u'aes128-cbc', u'3des-cbc', u'blowfish-cbc', u'cast128-cbc', u'arcfour128', u'arcfour256', u'arcfour', u'aes192-cbc', u'aes256-cbc', u'rijndael-cbc@lysator.liu.se', u'aes128-ctr', u'aes192-ctr', u'aes256-ctr'] server encrypt:[u'aes128-cbc', u'3des-cbc', u'blowfish-cbc', u'cast128-cbc', u'arcfour128', u'arcfour256', u'arcfour', u'aes192-cbc', u'aes256-cbc', u'rijndael-cbc@lysator.liu.se', u'aes128-ctr', u'aes192-ctr', u'aes256-ctr'] client mac:[u'hmac-md5', u'hmac-sha1', u'umac-64@openssh.com', u'hmac-ripemd160', u'hmac-ripemd160@openssh.com', u'hmac-sha1-96', u'hmac-md5-96'] server mac:[u'hmac-md5', u'hmac-sha1', u'umac-64@openssh.com', u'hmac-ripemd160', u'hmac-ripemd160@openssh.com', u'hmac-sha1-96', u'hmac-md5-96'] client compress:[u'none', u'zlib@openssh.com'] server compress:[u'none', u'zlib@openssh.com'] client lang:[u''] server lang:[u''] kex follows?False
DEB [20200718-00:02:31.323] thr=11  paramiko.transport: Kex agreed: diffie-hellman-group-exchange-sha256
DEB [20200718-00:02:31.325] thr=11  paramiko.transport: HostKey agreed: ssh-rsa
DEB [20200718-00:02:31.326] thr=11  paramiko.transport: Cipher agreed: aes128-ctr
DEB [20200718-00:02:31.326] thr=11  paramiko.transport: MAC agreed: hmac-sha1
DEB [20200718-00:02:31.328] thr=11  paramiko.transport: Compression agreed: none
DEB [20200718-00:02:31.334] thr=11  paramiko.transport: Got server p (2048 bits)
DEB [20200718-00:02:31.483] thr=11  paramiko.transport: kex engine KexGexSHA256 specified hash_algo <built-in function openssl_sha256>
DEB [20200718-00:02:31.483] thr=11  paramiko.transport: Switch to new keys ...
DEB [20200718-00:02:31.505] thr=2   paramiko.transport: Adding ssh-rsa host key for 192.168.1.86: 5656240f211ddea72bae61b1243de8f3
DEB [20200718-00:02:31.523] thr=11  paramiko.transport: userauth is OK
INF [20200718-00:02:33.911] thr=11  paramiko.transport: Authentication (password) failed.
DEB [20200718-00:02:34.017] thr=1   paramiko.transport: EOF in transport thread
DEB [20200718-00:02:34.121] thr=4   paramiko.transport: EOF in transport thread
DEB [20200718-00:02:34.220] thr=6   paramiko.transport: EOF in transport thread
DEB [20200718-00:02:34.322] thr=8   paramiko.transport: EOF in transport thread
DEB [20200718-00:02:34.424] thr=10  paramiko.transport: EOF in transport thread
